2019-03-03 13:59:49,360 - BrowserEngine- INFO - 你选择的是 Chrome 浏览器.
2019-03-03 13:59:49,360 - BrowserEngine- INFO - 这个服务器的地址是:http://127.0.0.1/forum.php
2019-03-03 13:59:52,016 - BrowserEngine- INFO - 开始谷歌浏览器
2019-03-03 13:59:54,432 - BrowserEngine- INFO - 打开网址:http://127.0.0.1/forum.php
2019-03-03 13:59:55,556 - BrowserEngine- INFO - 窗口最大化
2019-03-03 13:59:55,558 - BrowserEngine- INFO - 隐形等待时间为10秒钟
2019-03-03 13:59:55,775 - BasePage- INFO - 输入内容admin
2019-03-03 13:59:55,956 - BasePage- INFO - 输入内容13333486358LY
2019-03-03 13:59:56,072 - BasePage- INFO - click
2019-03-03 13:59:59,814 - BasePage- INFO - click
2019-03-03 14:00:00,050 - BasePage- INFO - 输入内容天气
2019-03-03 14:00:00,333 - BasePage- INFO - 输入内容今天天气很好，适合出游
2019-03-03 14:00:07,124 - BasePage- INFO - click
2019-03-03 14:00:12,297 - BasePage- INFO - 输入内容玩的开心
2019-03-03 14:00:12,904 - BasePage- INFO - click
2019-03-03 14:00:16,330 - BasePage- INFO - click
2019-03-03 14:00:23,521 - BrowserEngine- INFO - 关闭浏览器
2019-03-03 14:00:23,522 - BrowserEngine- INFO - 你选择的是 Chrome 浏览器.
2019-03-03 14:00:23,522 - BrowserEngine- INFO - 这个服务器的地址是:http://127.0.0.1/forum.php
2019-03-03 14:00:26,083 - BrowserEngine- INFO - 开始谷歌浏览器
2019-03-03 14:00:28,247 - BrowserEngine- INFO - 打开网址:http://127.0.0.1/forum.php
2019-03-03 14:00:29,376 - BrowserEngine- INFO - 窗口最大化
2019-03-03 14:00:29,377 - BrowserEngine- INFO - 隐形等待时间为10秒钟
2019-03-03 14:00:29,554 - BasePage- INFO - 输入内容admin
2019-03-03 14:00:29,717 - BasePage- INFO - 输入内容13333486358LY
2019-03-03 14:00:29,813 - BasePage- INFO - click
2019-03-03 14:00:33,572 - BasePage- INFO - click
2019-03-03 14:00:33,702 - BasePage- INFO - click
2019-03-03 14:00:34,475 - BasePage- INFO - click
2019-03-03 14:00:35,495 - BasePage- INFO - click
2019-03-03 14:00:35,736 - BasePage- INFO - click
2019-03-03 14:00:38,743 - BasePage- INFO - 激活第1个窗口
2019-03-03 14:00:39,994 - BasePage- INFO - 输入内容13333486358LY
2019-03-03 14:01:03,822 - BasePage- INFO - click
2019-03-03 14:01:04,256 - BasePage- INFO - click
2019-03-03 14:01:06,459 - BasePage- INFO - click
2019-03-03 14:01:08,943 - BasePage- INFO - click
2019-03-03 14:01:11,949 - BasePage- INFO - 激活第1个窗口
2019-03-03 14:01:12,712 - BasePage- INFO - click
2019-03-03 14:01:13,037 - BasePage- INFO - click
2019-03-03 14:01:15,428 - BasePage- INFO - 输入内容123123
2019-03-03 14:01:15,557 - BasePage- INFO - 输入内容123123
2019-03-03 14:01:20,657 - BasePage- INFO - click
2019-03-03 14:01:24,083 - BasePage- INFO - click
2019-03-03 14:01:24,273 - BasePage- INFO - 输入内容熬夜
2019-03-03 14:01:24,510 - BasePage- INFO - 输入内容熬夜对身体不好，不要熬夜
2019-03-03 14:01:25,834 - BasePage- INFO - click
2019-03-03 14:01:28,994 - BasePage- INFO - 输入内容好的
2019-03-03 14:01:29,093 - BasePage- INFO - click
2019-03-03 14:01:31,317 - BrowserEngine- INFO - 关闭浏览器
2019-03-03 14:01:31,318 - BrowserEngine- INFO - 你选择的是 Chrome 浏览器.
2019-03-03 14:01:31,319 - BrowserEngine- INFO - 这个服务器的地址是:http://127.0.0.1/forum.php
2019-03-03 14:01:33,826 - BrowserEngine- INFO - 开始谷歌浏览器
2019-03-03 14:01:36,043 - BrowserEngine- INFO - 打开网址:http://127.0.0.1/forum.php
2019-03-03 14:01:37,172 - BrowserEngine- INFO - 窗口最大化
2019-03-03 14:01:37,174 - BrowserEngine- INFO - 隐形等待时间为10秒钟
2019-03-03 14:01:37,349 - BasePage- INFO - 输入内容admin
2019-03-03 14:01:37,511 - BasePage- INFO - 输入内容13333486358LY
2019-03-03 14:01:37,609 - BasePage- INFO - click
2019-03-03 14:01:40,772 - BasePage- INFO - 输入内容la
2019-03-03 14:01:40,918 - BasePage- INFO - click
2019-03-03 14:01:40,923 - BasePage- INFO - 激活第1个窗口
2019-03-03 14:01:46,115 - BasePage- INFO - click
2019-03-03 14:01:51,531 - BasePage- INFO - click
2019-03-03 14:01:57,729 - BrowserEngine- INFO - 关闭浏览器
2019-03-03 14:01:57,729 - BrowserEngine- INFO - 你选择的是 Chrome 浏览器.
2019-03-03 14:01:57,729 - BrowserEngine- INFO - 这个服务器的地址是:http://127.0.0.1/forum.php
2019-03-03 14:02:00,263 - BrowserEngine- INFO - 开始谷歌浏览器
2019-03-03 14:02:02,428 - BrowserEngine- INFO - 打开网址:http://127.0.0.1/forum.php
2019-03-03 14:02:03,550 - BrowserEngine- INFO - 窗口最大化
2019-03-03 14:02:03,551 - BrowserEngine- INFO - 隐形等待时间为10秒钟
2019-03-03 14:02:03,725 - BasePage- INFO - 输入内容admin
2019-03-03 14:02:03,904 - BasePage- INFO - 输入内容13333486358LY
2019-03-03 14:02:04,014 - BasePage- INFO - click
2019-03-03 14:02:07,725 - BasePage- INFO - click
2019-03-03 14:02:08,546 - BasePage- INFO - click
2019-03-03 14:02:09,249 - BasePage- INFO - click
2019-03-03 14:02:09,576 - BasePage- INFO - 输入内容Do you like apple
2019-03-03 14:02:09,773 - BasePage- INFO - 输入内容Yes
2019-03-03 14:02:09,897 - BasePage- INFO - 输入内容No
2019-03-03 14:02:10,068 - BasePage- INFO - click
2019-03-03 14:02:20,187 - BasePage- INFO - click
2019-03-03 14:02:21,251 - BasePage- INFO - click
2019-03-03 14:02:21,648 - VotePage- INFO - 第一个选项的名称是：1.  Yes
2019-03-03 14:02:21,649 - VotePage- INFO - 投票比例是：(1)
2019-03-03 14:02:21,649 - VotePage- INFO - 第二个选项的名称是：2.  No
2019-03-03 14:02:21,649 - VotePage- INFO - 投票比例是：(0)
2019-03-03 14:02:21,649 - VotePage- INFO - 投票的主题名称为：Do you li
2019-03-03 14:02:33,847 - BrowserEngine- INFO - 关闭浏览器
