2019-03-03 13:35:37,359 - BrowserEngine- INFO - 你选择的是 Chrome 浏览器.
2019-03-03 13:35:37,360 - BrowserEngine- INFO - 这个服务器的地址是:http://127.0.0.1/forum.php
2019-03-03 13:35:40,386 - BrowserEngine- INFO - 开始谷歌浏览器
2019-03-03 13:35:43,095 - BrowserEngine- INFO - 打开网址:http://127.0.0.1/forum.php
2019-03-03 13:35:44,288 - BrowserEngine- INFO - 窗口最大化
2019-03-03 13:35:44,294 - BrowserEngine- INFO - 隐形等待时间为10秒钟
2019-03-03 13:35:44,759 - BasePage- INFO - 输入内容admin
2019-03-03 13:35:44,997 - BasePage- INFO - 输入内容13333486358LY
2019-03-03 13:35:45,150 - BasePage- INFO - click
2019-03-03 13:35:49,372 - BasePage- INFO - click
2019-03-03 13:35:49,723 - BasePage- INFO - click
2019-03-03 13:35:50,851 - BasePage- INFO - click
2019-03-03 13:35:52,178 - BasePage- INFO - click
2019-03-03 13:35:52,476 - BasePage- INFO - click
2019-03-03 13:35:55,495 - BasePage- INFO - 激活第1个窗口
2019-03-03 13:35:56,832 - BasePage- INFO - 输入内容13333486358LY
2019-03-03 13:36:22,518 - BasePage- INFO - click
2019-03-03 13:36:23,526 - BasePage- INFO - click
2019-03-03 13:36:26,294 - BasePage- INFO - click
2019-03-03 13:36:29,303 - BasePage- INFO - click
2019-03-03 13:36:32,356 - BasePage- INFO - 激活第1个窗口
2019-03-03 13:36:33,848 - BasePage- INFO - click
2019-03-03 13:36:34,410 - BasePage- INFO - click
2019-03-03 13:36:37,146 - BasePage- INFO - 输入内容123123
2019-03-03 13:36:37,373 - BasePage- INFO - 输入内容123123
2019-03-03 13:36:42,668 - BasePage- INFO - click
2019-03-03 13:36:46,451 - BasePage- INFO - click
2019-03-03 13:36:46,738 - BasePage- INFO - 输入内容熬夜
2019-03-03 13:36:47,133 - BasePage- INFO - 输入内容熬夜对身体不好，不要熬夜
2019-03-03 13:36:49,059 - BasePage- INFO - click
2019-03-03 13:36:52,435 - BasePage- INFO - 输入内容好的
2019-03-03 13:36:52,793 - BasePage- INFO - click
2019-03-03 13:36:55,112 - BrowserEngine- INFO - 关闭浏览器
