2019-03-03 13:46:34,799 - BrowserEngine- INFO - 你选择的是 Chrome 浏览器.
2019-03-03 13:46:34,799 - BrowserEngine- INFO - 这个服务器的地址是:http://127.0.0.1/forum.php
2019-03-03 13:46:38,409 - BrowserEngine- INFO - 开始谷歌浏览器
2019-03-03 13:46:43,028 - BrowserEngine- INFO - 打开网址:http://127.0.0.1/forum.php
2019-03-03 13:46:44,162 - BrowserEngine- INFO - 窗口最大化
2019-03-03 13:46:44,162 - BrowserEngine- INFO - 隐形等待时间为10秒钟
2019-03-03 13:46:44,348 - BasePage- INFO - 输入内容admin
2019-03-03 13:46:44,547 - BasePage- INFO - 输入内容13333486358LY
2019-03-03 13:46:44,647 - BasePage- INFO - click
2019-03-03 13:46:48,383 - BasePage- INFO - click
2019-03-03 13:46:49,429 - BasePage- INFO - click
2019-03-03 13:46:51,347 - BasePage- INFO - click
2019-03-03 13:46:51,807 - BasePage- INFO - 输入内容Do you like apple
2019-03-03 13:46:51,980 - BasePage- INFO - 输入内容Yes
2019-03-03 13:46:52,155 - BasePage- INFO - 输入内容No
2019-03-03 13:46:52,309 - BasePage- INFO - click
2019-03-03 13:47:02,442 - BasePage- INFO - click
2019-03-03 13:47:03,652 - BasePage- INFO - click
2019-03-03 13:47:04,058 - VotePage- INFO - 第一个选项的名称是：1.  Yes
2019-03-03 13:47:04,058 - VotePage- INFO - 投票比例是：(1)
2019-03-03 13:47:04,058 - VotePage- INFO - 第二个选项的名称是：2.  No
2019-03-03 13:47:04,058 - VotePage- INFO - 投票比例是：(0)
2019-03-03 13:47:04,058 - VotePage- INFO - 投票的主题名称为：Do you like apple
2019-03-03 13:47:16,348 - BrowserEngine- INFO - 关闭浏览器
