2019-03-03 13:43:40,130 - BrowserEngine- INFO - 你选择的是 Chrome 浏览器.
2019-03-03 13:43:40,130 - BrowserEngine- INFO - 这个服务器的地址是:http://127.0.0.1/forum.php
2019-03-03 13:43:43,159 - BrowserEngine- INFO - 开始谷歌浏览器
2019-03-03 13:43:46,094 - BrowserEngine- INFO - 打开网址:http://127.0.0.1/forum.php
2019-03-03 13:43:47,261 - BrowserEngine- INFO - 窗口最大化
2019-03-03 13:43:47,264 - BrowserEngine- INFO - 隐形等待时间为10秒钟
2019-03-03 13:43:47,495 - BasePage- INFO - 输入内容admin
2019-03-03 13:43:47,748 - BasePage- INFO - 输入内容13333486358LY
2019-03-03 13:43:47,903 - BasePage- INFO - click
2019-03-03 13:43:51,631 - BasePage- INFO - click
2019-03-03 13:43:52,071 - BasePage- INFO - click
2019-03-03 13:43:52,874 - BasePage- INFO - click
2019-03-03 13:43:54,017 - BasePage- INFO - click
2019-03-03 13:43:54,319 - BasePage- INFO - click
2019-03-03 13:43:57,335 - BasePage- INFO - 激活第1个窗口
2019-03-03 13:43:58,868 - BasePage- INFO - 输入内容13333486358LY
2019-03-03 13:44:21,850 - BasePage- INFO - click
2019-03-03 13:44:22,523 - BasePage- INFO - click
2019-03-03 13:44:25,016 - BasePage- INFO - click
2019-03-03 13:44:27,772 - BasePage- INFO - click
2019-03-03 13:44:30,807 - BasePage- INFO - 激活第1个窗口
2019-03-03 13:44:32,148 - BasePage- INFO - click
2019-03-03 13:44:32,635 - BasePage- INFO - click
2019-03-03 13:44:35,382 - BasePage- INFO - 输入内容123123
2019-03-03 13:44:35,645 - BasePage- INFO - 输入内容123123
2019-03-03 13:44:40,971 - BasePage- INFO - click
2019-03-03 13:44:45,119 - BasePage- INFO - click
2019-03-03 13:44:45,399 - BasePage- INFO - 输入内容熬夜
2019-03-03 13:44:45,728 - BasePage- INFO - 输入内容熬夜对身体不好，不要熬夜
2019-03-03 13:44:47,438 - BasePage- INFO - click
2019-03-03 13:44:50,799 - BasePage- INFO - 输入内容好的
2019-03-03 13:44:50,967 - BasePage- INFO - click
2019-03-03 13:44:53,345 - BrowserEngine- INFO - 关闭浏览器
