2019-02-28 19:56:19,355 - BrowserEngine- INFO - 你选择的是 Chrome 浏览器.
2019-02-28 19:56:19,355 - BrowserEngine- INFO - 这个服务器的地址是:http://127.0.0.1/forum.php
2019-02-28 19:56:21,991 - BrowserEngine- INFO - 开始谷歌浏览器
2019-02-28 19:56:23,751 - BrowserEngine- INFO - 打开网址:http://127.0.0.1/forum.php
2019-02-28 19:56:24,888 - BrowserEngine- INFO - 窗口最大化
2019-02-28 19:56:24,888 - BrowserEngine- INFO - 隐形等待时间为10秒钟
2019-02-28 19:56:25,319 - BasePage- INFO - 输入内容admin
2019-02-28 19:56:25,503 - BasePage- INFO - 输入内容13333486358LY
2019-02-28 19:56:25,623 - BasePage- INFO - click
2019-02-28 19:56:29,145 - BasePage- INFO - click
2019-02-28 19:56:29,864 - BasePage- INFO - click
2019-02-28 19:56:30,502 - BasePage- INFO - click
2019-02-28 19:56:30,827 - BasePage- INFO - 输入内容Do you like apple
2019-02-28 19:56:31,117 - BasePage- INFO - 输入内容Yes
2019-02-28 19:56:31,238 - BasePage- INFO - 输入内容No
2019-02-28 19:56:31,389 - BasePage- INFO - click
2019-02-28 19:56:41,511 - BasePage- INFO - click
2019-02-28 19:56:42,539 - BasePage- INFO - click
2019-02-28 19:56:42,984 - VotePage- INFO - 投票的主题名称为：Do you like
2019-02-28 19:56:55,236 - BrowserEngine- INFO - 关闭浏览器
