2019-02-28 20:00:48,676 - BrowserEngine- INFO - 你选择的是 Chrome 浏览器.
2019-02-28 20:00:48,676 - BrowserEngine- INFO - 这个服务器的地址是:http://127.0.0.1/forum.php
2019-02-28 20:00:52,056 - BrowserEngine- INFO - 开始谷歌浏览器
2019-02-28 20:00:53,871 - BrowserEngine- INFO - 打开网址:http://127.0.0.1/forum.php
2019-02-28 20:00:55,006 - BrowserEngine- INFO - 窗口最大化
2019-02-28 20:00:55,006 - BrowserEngine- INFO - 隐形等待时间为10秒钟
2019-02-28 20:00:55,418 - BasePage- INFO - 输入内容admin
2019-02-28 20:00:55,599 - BasePage- INFO - 输入内容13333486358LY
2019-02-28 20:00:55,699 - BasePage- INFO - click
2019-02-28 20:00:59,299 - BasePage- INFO - click
2019-02-28 20:00:59,999 - BasePage- INFO - click
2019-02-28 20:01:00,668 - BasePage- INFO - click
2019-02-28 20:01:01,084 - BasePage- INFO - 输入内容Do you like apple
2019-02-28 20:01:01,341 - BasePage- INFO - 输入内容Yes
2019-02-28 20:01:01,481 - BasePage- INFO - 输入内容No
2019-02-28 20:01:01,648 - BasePage- INFO - click
2019-02-28 20:01:11,782 - BasePage- INFO - click
2019-02-28 20:01:12,767 - BasePage- INFO - click
2019-02-28 20:01:13,144 - VotePage- INFO - 第一个选项的名称是：1.  Yes
2019-02-28 20:01:13,144 - VotePage- INFO - 投票比例是：(1)
2019-02-28 20:01:13,144 - VotePage- INFO - 第二个选项的名称是：2.  No
2019-02-28 20:01:13,144 - VotePage- INFO - 投票比例是：(0)
2019-02-28 20:01:13,144 - VotePage- INFO - 投票的主题名称为：Do you
2019-02-28 20:01:25,424 - BrowserEngine- INFO - 关闭浏览器
