2019-02-28 20:42:39,390 - BrowserEngine- INFO - 你选择的是 Chrome 浏览器.
2019-02-28 20:42:39,400 - BrowserEngine- INFO - 这个服务器的地址是:http://127.0.0.1/forum.php
2019-02-28 20:42:41,931 - BrowserEngine- INFO - 开始谷歌浏览器
2019-02-28 20:42:43,784 - BrowserEngine- INFO - 打开网址:http://127.0.0.1/forum.php
2019-02-28 20:42:44,915 - BrowserEngine- INFO - 窗口最大化
2019-02-28 20:42:44,915 - BrowserEngine- INFO - 隐形等待时间为10秒钟
2019-02-28 20:42:45,324 - BasePage- INFO - 输入内容admin
2019-02-28 20:42:45,514 - BasePage- INFO - 输入内容13333486358LY
2019-02-28 20:42:45,625 - BasePage- INFO - click
2019-02-28 20:42:49,186 - BasePage- INFO - click
2019-02-28 20:42:49,489 - BasePage- INFO - 输入内容天气
2019-02-28 20:42:49,719 - BasePage- INFO - 输入内容今天天气很好，适合出游
2019-02-28 20:42:54,367 - BasePage- INFO - click
2019-02-28 20:42:59,563 - BasePage- INFO - 输入内容玩的开心
2019-02-28 20:42:59,995 - BasePage- INFO - click
2019-02-28 20:43:03,340 - BasePage- INFO - click
2019-02-28 20:43:10,619 - BrowserEngine- INFO - 关闭浏览器
2019-02-28 20:43:10,619 - BrowserEngine- INFO - 你选择的是 Chrome 浏览器.
2019-02-28 20:43:10,619 - BrowserEngine- INFO - 这个服务器的地址是:http://127.0.0.1/forum.php
2019-02-28 20:43:13,191 - BrowserEngine- INFO - 开始谷歌浏览器
2019-02-28 20:43:15,325 - BrowserEngine- INFO - 打开网址:http://127.0.0.1/forum.php
2019-02-28 20:43:16,468 - BrowserEngine- INFO - 窗口最大化
2019-02-28 20:43:16,468 - BrowserEngine- INFO - 隐形等待时间为10秒钟
2019-02-28 20:43:16,884 - BasePage- INFO - 输入内容admin
2019-02-28 20:43:17,098 - BasePage- INFO - 输入内容13333486358LY
2019-02-28 20:43:17,204 - BasePage- INFO - click
2019-02-28 20:43:20,836 - BasePage- INFO - click
2019-02-28 20:43:21,057 - BasePage- INFO - click
2019-02-28 20:43:21,629 - BasePage- INFO - click
2019-02-28 20:43:22,313 - BasePage- INFO - click
2019-02-28 20:43:22,509 - BasePage- INFO - click
2019-02-28 20:43:25,512 - BasePage- INFO - 激活第1个窗口
2019-02-28 20:43:26,750 - BasePage- INFO - 输入内容13333486358LY
2019-02-28 20:43:49,103 - BasePage- INFO - click
2019-02-28 20:43:49,433 - BasePage- INFO - click
2019-02-28 20:43:51,629 - BasePage- INFO - click
2019-02-28 20:43:53,965 - BasePage- INFO - click
2019-02-28 20:43:56,971 - BasePage- INFO - 激活第1个窗口
2019-02-28 20:43:57,682 - BasePage- INFO - click
2019-02-28 20:43:57,984 - BasePage- INFO - click
2019-02-28 20:44:00,376 - BasePage- INFO - 输入内容123123
2019-02-28 20:44:00,516 - BasePage- INFO - 输入内容123123
2019-02-28 20:44:05,616 - BasePage- INFO - click
2019-02-28 20:44:08,993 - BasePage- INFO - click
2019-02-28 20:44:09,208 - BasePage- INFO - 输入内容熬夜
2019-02-28 20:44:09,384 - BasePage- INFO - 输入内容熬夜对身体不好，不要熬夜
2019-02-28 20:44:10,956 - BasePage- INFO - click
2019-02-28 20:44:14,112 - BasePage- INFO - 输入内容好的
2019-02-28 20:44:14,221 - BasePage- INFO - click
2019-02-28 20:44:16,486 - BrowserEngine- INFO - 关闭浏览器
2019-02-28 20:44:16,486 - BrowserEngine- INFO - 你选择的是 Chrome 浏览器.
2019-02-28 20:44:16,486 - BrowserEngine- INFO - 这个服务器的地址是:http://127.0.0.1/forum.php
2019-02-28 20:44:19,118 - BrowserEngine- INFO - 开始谷歌浏览器
2019-02-28 20:44:21,000 - BrowserEngine- INFO - 打开网址:http://127.0.0.1/forum.php
2019-02-28 20:44:22,137 - BrowserEngine- INFO - 窗口最大化
2019-02-28 20:44:22,137 - BrowserEngine- INFO - 隐形等待时间为10秒钟
2019-02-28 20:44:22,545 - BasePage- INFO - 输入内容admin
2019-02-28 20:44:22,710 - BasePage- INFO - 输入内容13333486358LY
2019-02-28 20:44:22,810 - BasePage- INFO - click
2019-02-28 20:44:25,986 - BasePage- INFO - 输入内容la
2019-02-28 20:44:26,129 - BasePage- INFO - click
2019-02-28 20:44:26,144 - BasePage- INFO - 激活第1个窗口
2019-02-28 20:44:31,329 - BasePage- INFO - click
2019-02-28 20:44:36,685 - BasePage- INFO - click
2019-02-28 20:44:42,929 - BrowserEngine- INFO - 关闭浏览器
2019-02-28 20:44:42,929 - BrowserEngine- INFO - 你选择的是 Chrome 浏览器.
2019-02-28 20:44:42,929 - BrowserEngine- INFO - 这个服务器的地址是:http://127.0.0.1/forum.php
2019-02-28 20:44:46,070 - BrowserEngine- INFO - 开始谷歌浏览器
2019-02-28 20:44:48,093 - BrowserEngine- INFO - 打开网址:http://127.0.0.1/forum.php
2019-02-28 20:44:49,234 - BrowserEngine- INFO - 窗口最大化
2019-02-28 20:44:49,234 - BrowserEngine- INFO - 隐形等待时间为10秒钟
2019-02-28 20:44:49,627 - BasePage- INFO - 输入内容admin
2019-02-28 20:44:49,797 - BasePage- INFO - 输入内容13333486358LY
2019-02-28 20:44:49,890 - BasePage- INFO - click
2019-02-28 20:44:53,530 - BasePage- INFO - click
2019-02-28 20:44:54,141 - BasePage- INFO - click
2019-02-28 20:44:54,889 - BasePage- INFO - click
2019-02-28 20:44:55,218 - BasePage- INFO - 输入内容Do you like apple
2019-02-28 20:44:55,472 - BasePage- INFO - 输入内容Yes
2019-02-28 20:44:55,628 - BasePage- INFO - 输入内容No
2019-02-28 20:44:55,813 - BasePage- INFO - click
2019-02-28 20:45:05,925 - BasePage- INFO - click
2019-02-28 20:45:06,960 - BasePage- INFO - click
2019-02-28 20:45:09,624 - BrowserEngine- INFO - 关闭浏览器
