2019-02-28 20:47:00,663 - BrowserEngine- INFO - 你选择的是 Chrome 浏览器.
2019-02-28 20:47:00,663 - BrowserEngine- INFO - 这个服务器的地址是:http://127.0.0.1/forum.php
2019-02-28 20:47:03,310 - BrowserEngine- INFO - 开始谷歌浏览器
2019-02-28 20:47:05,033 - BrowserEngine- INFO - 打开网址:http://127.0.0.1/forum.php
2019-02-28 20:47:06,175 - BrowserEngine- INFO - 窗口最大化
2019-02-28 20:47:06,175 - BrowserEngine- INFO - 隐形等待时间为10秒钟
2019-02-28 20:47:06,593 - BasePage- INFO - 输入内容admin
2019-02-28 20:47:06,786 - BasePage- INFO - 输入内容13333486358LY
2019-02-28 20:47:06,889 - BasePage- INFO - click
2019-02-28 20:47:10,531 - BasePage- INFO - click
2019-02-28 20:47:10,818 - BasePage- INFO - 输入内容天气
2019-02-28 20:47:11,055 - BasePage- INFO - 输入内容今天天气很好，适合出游
2019-02-28 20:47:15,475 - BasePage- INFO - click
2019-02-28 20:47:20,680 - BasePage- INFO - 输入内容玩的开心
2019-02-28 20:47:21,151 - BasePage- INFO - click
2019-02-28 20:47:24,535 - BasePage- INFO - click
2019-02-28 20:47:31,811 - BrowserEngine- INFO - 关闭浏览器
2019-02-28 20:47:31,811 - BrowserEngine- INFO - 你选择的是 Chrome 浏览器.
2019-02-28 20:47:31,811 - BrowserEngine- INFO - 这个服务器的地址是:http://127.0.0.1/forum.php
2019-02-28 20:47:34,449 - BrowserEngine- INFO - 开始谷歌浏览器
2019-02-28 20:47:37,735 - BrowserEngine- INFO - 打开网址:http://127.0.0.1/forum.php
2019-02-28 20:47:38,858 - BrowserEngine- INFO - 窗口最大化
2019-02-28 20:47:38,858 - BrowserEngine- INFO - 隐形等待时间为10秒钟
2019-02-28 20:47:39,295 - BasePage- INFO - 输入内容admin
2019-02-28 20:47:39,474 - BasePage- INFO - 输入内容13333486358LY
2019-02-28 20:47:39,569 - BasePage- INFO - click
2019-02-28 20:47:43,222 - BasePage- INFO - click
2019-02-28 20:47:43,422 - BasePage- INFO - click
2019-02-28 20:47:44,149 - BasePage- INFO - click
2019-02-28 20:47:44,988 - BasePage- INFO - click
2019-02-28 20:47:45,222 - BasePage- INFO - click
2019-02-28 20:47:48,231 - BasePage- INFO - 激活第1个窗口
2019-02-28 20:47:49,495 - BasePage- INFO - 输入内容13333486358LY
2019-02-28 20:48:15,183 - BasePage- INFO - click
2019-02-28 20:48:15,603 - BasePage- INFO - click
2019-02-28 20:48:17,871 - BasePage- INFO - click
2019-02-28 20:48:20,266 - BasePage- INFO - click
2019-02-28 20:48:23,271 - BasePage- INFO - 激活第1个窗口
2019-02-28 20:48:23,995 - BasePage- INFO - click
2019-02-28 20:48:24,358 - BasePage- INFO - click
2019-02-28 20:48:26,709 - BasePage- INFO - 输入内容123123
2019-02-28 20:48:26,836 - BasePage- INFO - 输入内容123123
2019-02-28 20:48:31,933 - BasePage- INFO - click
2019-02-28 20:48:35,331 - BasePage- INFO - click
2019-02-28 20:48:35,539 - BasePage- INFO - 输入内容熬夜
2019-02-28 20:48:35,738 - BasePage- INFO - 输入内容熬夜对身体不好，不要熬夜
2019-02-28 20:48:37,354 - BasePage- INFO - click
2019-02-28 20:48:40,536 - BasePage- INFO - 输入内容好的
2019-02-28 20:48:40,658 - BasePage- INFO - click
2019-02-28 20:48:42,973 - BrowserEngine- INFO - 关闭浏览器
2019-02-28 20:48:42,973 - BrowserEngine- INFO - 你选择的是 Chrome 浏览器.
2019-02-28 20:48:42,973 - BrowserEngine- INFO - 这个服务器的地址是:http://127.0.0.1/forum.php
2019-02-28 20:48:45,586 - BrowserEngine- INFO - 开始谷歌浏览器
2019-02-28 20:48:47,578 - BrowserEngine- INFO - 打开网址:http://127.0.0.1/forum.php
2019-02-28 20:48:48,725 - BrowserEngine- INFO - 窗口最大化
2019-02-28 20:48:48,725 - BrowserEngine- INFO - 隐形等待时间为10秒钟
2019-02-28 20:48:49,157 - BasePage- INFO - 输入内容admin
2019-02-28 20:48:49,347 - BasePage- INFO - 输入内容13333486358LY
2019-02-28 20:48:49,455 - BasePage- INFO - click
2019-02-28 20:48:52,631 - BasePage- INFO - 输入内容la
2019-02-28 20:48:52,764 - BasePage- INFO - click
2019-02-28 20:48:52,769 - BasePage- INFO - 激活第1个窗口
2019-02-28 20:48:57,949 - BasePage- INFO - click
2019-02-28 20:49:03,290 - BasePage- INFO - click
2019-02-28 20:49:09,602 - BrowserEngine- INFO - 关闭浏览器
2019-02-28 20:49:09,602 - BrowserEngine- INFO - 你选择的是 Chrome 浏览器.
2019-02-28 20:49:09,602 - BrowserEngine- INFO - 这个服务器的地址是:http://127.0.0.1/forum.php
2019-02-28 20:49:12,187 - BrowserEngine- INFO - 开始谷歌浏览器
2019-02-28 20:49:13,945 - BrowserEngine- INFO - 打开网址:http://127.0.0.1/forum.php
2019-02-28 20:49:15,084 - BrowserEngine- INFO - 窗口最大化
2019-02-28 20:49:15,086 - BrowserEngine- INFO - 隐形等待时间为10秒钟
2019-02-28 20:49:15,476 - BasePage- INFO - 输入内容admin
2019-02-28 20:49:15,644 - BasePage- INFO - 输入内容13333486358LY
2019-02-28 20:49:15,742 - BasePage- INFO - click
2019-02-28 20:49:19,223 - BasePage- INFO - click
2019-02-28 20:49:20,120 - BasePage- INFO - click
2019-02-28 20:49:20,784 - BasePage- INFO - click
2019-02-28 20:49:21,208 - BasePage- INFO - 输入内容Do you like apple
2019-02-28 20:49:21,432 - BasePage- INFO - 输入内容Yes
2019-02-28 20:49:21,592 - BasePage- INFO - 输入内容No
2019-02-28 20:49:21,784 - BasePage- INFO - click
2019-02-28 20:49:31,902 - BasePage- INFO - click
2019-02-28 20:49:32,872 - BasePage- INFO - click
2019-02-28 20:49:35,544 - BrowserEngine- INFO - 关闭浏览器
