2019-02-28 19:52:47,795 - BrowserEngine- INFO - 你选择的是 Chrome 浏览器.
2019-02-28 19:52:47,795 - BrowserEngine- INFO - 这个服务器的地址是:http://127.0.0.1/forum.php
2019-02-28 19:52:47,965 - BrowserEngine- INFO - 你选择的是 Chrome 浏览器.
2019-02-28 19:52:47,965 - BrowserEngine- INFO - 这个服务器的地址是:http://127.0.0.1/forum.php
2019-02-28 19:52:52,309 - BrowserEngine- INFO - 开始谷歌浏览器
2019-02-28 19:52:55,051 - BrowserEngine- INFO - 开始谷歌浏览器
2019-02-28 19:53:00,843 - BrowserEngine- INFO - 打开网址:http://127.0.0.1/forum.php
2019-02-28 19:53:00,872 - BrowserEngine- INFO - 打开网址:http://127.0.0.1/forum.php
2019-02-28 19:53:01,979 - BrowserEngine- INFO - 窗口最大化
2019-02-28 19:53:01,983 - BrowserEngine- INFO - 隐形等待时间为10秒钟
2019-02-28 19:53:02,022 - BrowserEngine- INFO - 窗口最大化
2019-02-28 19:53:02,027 - BrowserEngine- INFO - 隐形等待时间为10秒钟
2019-02-28 19:53:02,586 - BasePage- INFO - 输入内容admin
2019-02-28 19:53:02,601 - BasePage- INFO - 输入内容admin
2019-02-28 19:53:02,821 - BasePage- INFO - 输入内容13333486358LY
2019-02-28 19:53:02,852 - BasePage- INFO - 输入内容13333486358LY
2019-02-28 19:53:02,947 - BasePage- INFO - click
2019-02-28 19:53:02,971 - BasePage- INFO - click
2019-02-28 19:53:15,795 - BasePage- INFO - click
2019-02-28 19:53:16,006 - BasePage- INFO - click
2019-02-28 19:53:18,138 - BasePage- INFO - click
2019-02-28 19:53:18,466 - BasePage- INFO - click
2019-02-28 19:53:19,408 - BasePage- INFO - click
2019-02-28 19:53:19,999 - BasePage- INFO - click
2019-02-28 19:53:20,586 - BasePage- INFO - 输入内容Do you like apple
2019-02-28 19:53:20,900 - BasePage- INFO - 输入内容Yes
2019-02-28 19:53:20,931 - BasePage- INFO - 输入内容Do you like apple
2019-02-28 19:53:21,103 - BasePage- INFO - 输入内容No
2019-02-28 19:53:21,177 - BasePage- INFO - 输入内容Yes
2019-02-28 19:53:21,442 - BasePage- INFO - 输入内容No
2019-02-28 19:53:21,485 - BasePage- INFO - click
2019-02-28 19:53:21,722 - BasePage- INFO - click
2019-02-28 19:53:31,603 - BasePage- INFO - click
2019-02-28 19:53:31,889 - BasePage- INFO - click
2019-02-28 19:53:33,130 - BasePage- INFO - click
2019-02-28 19:53:33,200 - BasePage- INFO - click
2019-02-28 19:53:36,212 - BrowserEngine- INFO - 关闭浏览器
2019-02-28 19:53:36,272 - BrowserEngine- INFO - 关闭浏览器
