2019-02-28 20:39:25,247 - BrowserEngine- INFO - 你选择的是 Chrome 浏览器.
2019-02-28 20:39:25,247 - BrowserEngine- INFO - 这个服务器的地址是:http://127.0.0.1/forum.php
2019-02-28 20:39:28,910 - BrowserEngine- INFO - 开始谷歌浏览器
2019-02-28 20:39:31,065 - BrowserEngine- INFO - 打开网址:http://127.0.0.1/forum.php
2019-02-28 20:39:32,193 - BrowserEngine- INFO - 窗口最大化
2019-02-28 20:39:32,193 - BrowserEngine- INFO - 隐形等待时间为10秒钟
2019-02-28 20:39:32,611 - BasePage- INFO - 输入内容admin
2019-02-28 20:39:32,770 - BasePage- INFO - 输入内容13333486358LY
2019-02-28 20:39:32,864 - BasePage- INFO - click
2019-02-28 20:39:36,399 - BasePage- INFO - click
2019-02-28 20:39:36,793 - BasePage- INFO - 输入内容天气
2019-02-28 20:39:37,094 - BasePage- INFO - 输入内容今天天气很好，适合出游
2019-02-28 20:39:41,534 - BasePage- INFO - click
2019-02-28 20:39:46,746 - BasePage- INFO - 输入内容玩的开心
2019-02-28 20:39:47,237 - BasePage- INFO - click
2019-02-28 20:39:50,579 - BasePage- INFO - click
2019-02-28 20:39:57,832 - BrowserEngine- INFO - 关闭浏览器
2019-02-28 20:39:57,832 - BrowserEngine- INFO - 你选择的是 Chrome 浏览器.
2019-02-28 20:39:57,832 - BrowserEngine- INFO - 这个服务器的地址是:http://127.0.0.1/forum.php
2019-02-28 20:40:00,393 - BrowserEngine- INFO - 开始谷歌浏览器
2019-02-28 20:40:02,275 - BrowserEngine- INFO - 打开网址:http://127.0.0.1/forum.php
2019-02-28 20:40:03,396 - BrowserEngine- INFO - 窗口最大化
2019-02-28 20:40:03,396 - BrowserEngine- INFO - 隐形等待时间为10秒钟
2019-02-28 20:40:03,761 - BasePage- INFO - 输入内容admin
2019-02-28 20:40:03,924 - BasePage- INFO - 输入内容13333486358LY
2019-02-28 20:40:04,020 - BasePage- INFO - click
2019-02-28 20:40:07,594 - BasePage- INFO - click
2019-02-28 20:40:07,707 - BasePage- INFO - click
2019-02-28 20:40:08,295 - BasePage- INFO - click
2019-02-28 20:40:08,975 - BasePage- INFO - click
2019-02-28 20:40:09,222 - BasePage- INFO - click
2019-02-28 20:40:12,227 - BasePage- INFO - 激活第1个窗口
2019-02-28 20:40:13,422 - BasePage- INFO - 输入内容13333486358LY
2019-02-28 20:40:35,852 - BasePage- INFO - click
2019-02-28 20:40:36,171 - BasePage- INFO - click
2019-02-28 20:40:38,372 - BasePage- INFO - click
2019-02-28 20:40:40,719 - BasePage- INFO - click
2019-02-28 20:40:43,724 - BasePage- INFO - 激活第1个窗口
2019-02-28 20:40:44,469 - BasePage- INFO - click
2019-02-28 20:40:44,766 - BasePage- INFO - click
2019-02-28 20:40:47,154 - BasePage- INFO - 输入内容123123
2019-02-28 20:40:47,281 - BasePage- INFO - 输入内容123123
2019-02-28 20:40:52,378 - BasePage- INFO - click
2019-02-28 20:40:55,727 - BasePage- INFO - click
2019-02-28 20:40:55,940 - BasePage- INFO - 输入内容熬夜
2019-02-28 20:40:56,120 - BasePage- INFO - 输入内容熬夜对身体不好，不要熬夜
2019-02-28 20:40:57,462 - BasePage- INFO - click
2019-02-28 20:41:00,622 - BasePage- INFO - 输入内容好的
2019-02-28 20:41:00,729 - BasePage- INFO - click
2019-02-28 20:41:02,996 - BrowserEngine- INFO - 关闭浏览器
2019-02-28 20:41:02,996 - BrowserEngine- INFO - 你选择的是 Chrome 浏览器.
2019-02-28 20:41:02,996 - BrowserEngine- INFO - 这个服务器的地址是:http://127.0.0.1/forum.php
2019-02-28 20:41:05,567 - BrowserEngine- INFO - 开始谷歌浏览器
2019-02-28 20:41:07,472 - BrowserEngine- INFO - 打开网址:http://127.0.0.1/forum.php
2019-02-28 20:41:08,609 - BrowserEngine- INFO - 窗口最大化
2019-02-28 20:41:08,609 - BrowserEngine- INFO - 隐形等待时间为10秒钟
2019-02-28 20:41:09,038 - BasePage- INFO - 输入内容admin
2019-02-28 20:41:09,202 - BasePage- INFO - 输入内容13333486358LY
2019-02-28 20:41:09,301 - BasePage- INFO - click
2019-02-28 20:41:12,464 - BasePage- INFO - 输入内容la
2019-02-28 20:41:12,600 - BasePage- INFO - click
2019-02-28 20:41:12,612 - BasePage- INFO - 激活第1个窗口
2019-02-28 20:41:17,818 - BasePage- INFO - click
2019-02-28 20:41:23,195 - BasePage- INFO - click
2019-02-28 20:41:29,451 - BrowserEngine- INFO - 关闭浏览器
2019-02-28 20:41:29,451 - BrowserEngine- INFO - 你选择的是 Chrome 浏览器.
2019-02-28 20:41:29,451 - BrowserEngine- INFO - 这个服务器的地址是:http://127.0.0.1/forum.php
2019-02-28 20:41:31,984 - BrowserEngine- INFO - 开始谷歌浏览器
2019-02-28 20:41:33,891 - BrowserEngine- INFO - 打开网址:http://127.0.0.1/forum.php
2019-02-28 20:41:35,023 - BrowserEngine- INFO - 窗口最大化
2019-02-28 20:41:35,023 - BrowserEngine- INFO - 隐形等待时间为10秒钟
2019-02-28 20:41:35,430 - BasePage- INFO - 输入内容admin
2019-02-28 20:41:35,596 - BasePage- INFO - 输入内容13333486358LY
2019-02-28 20:41:35,692 - BasePage- INFO - click
2019-02-28 20:41:39,178 - BasePage- INFO - click
2019-02-28 20:41:39,895 - BasePage- INFO - click
2019-02-28 20:41:40,610 - BasePage- INFO - click
2019-02-28 20:41:40,994 - BasePage- INFO - 输入内容Do you like apple
2019-02-28 20:41:41,235 - BasePage- INFO - 输入内容Yes
2019-02-28 20:41:41,379 - BasePage- INFO - 输入内容No
2019-02-28 20:41:41,551 - BasePage- INFO - click
2019-02-28 20:42:15,361 - BasePage- ERROR - Failed to click the element with 'NoneType' object has no attribute 'click'
2019-02-28 20:42:15,366 - BasePage- ERROR - Failed to click the element with 'NoneType' object has no attribute 'click'
2019-02-28 20:42:15,399 - BasePage- ERROR - Failed to clear is input box with 'NoneType' object has no attribute 'text'
2019-02-28 20:42:15,417 - BasePage- ERROR - Failed to clear is input box with 'NoneType' object has no attribute 'text'
2019-02-28 20:42:15,420 - BasePage- ERROR - Failed to clear is input box with 'NoneType' object has no attribute 'text'
2019-02-28 20:42:15,424 - BasePage- ERROR - Failed to clear is input box with 'NoneType' object has no attribute 'text'
2019-02-28 20:42:15,437 - BasePage- ERROR - Failed to clear is input box with 'NoneType' object has no attribute 'text'
2019-02-28 20:42:17,671 - BrowserEngine- INFO - 关闭浏览器
