2019-03-02 22:28:55,496 - BrowserEngine- INFO - 你选择的是 Chrome 浏览器.
2019-03-02 22:28:55,497 - BrowserEngine- INFO - 这个服务器的地址是:http://127.0.0.1/forum.php
2019-03-02 22:28:58,222 - BrowserEngine- INFO - 开始谷歌浏览器
2019-03-02 22:29:00,742 - BrowserEngine- INFO - 打开网址:http://127.0.0.1/forum.php
2019-03-02 22:29:01,930 - BrowserEngine- INFO - 窗口最大化
2019-03-02 22:29:01,936 - BrowserEngine- INFO - 隐形等待时间为10秒钟
2019-03-02 22:29:02,451 - BasePage- INFO - 输入内容admin
2019-03-02 22:29:02,852 - BasePage- INFO - 输入内容13333486358LY
2019-03-02 22:29:02,992 - BasePage- INFO - click
2019-03-02 22:29:06,698 - BasePage- INFO - click
2019-03-02 22:29:07,219 - BasePage- INFO - 输入内容天气
2019-03-02 22:29:07,557 - BasePage- INFO - 输入内容今天天气很好，适合出游
2019-03-02 22:29:12,076 - BasePage- INFO - click
2019-03-02 22:29:17,470 - BasePage- INFO - 输入内容玩的开心
2019-03-02 22:29:18,058 - BasePage- INFO - click
2019-03-02 22:29:21,683 - BasePage- INFO - click
2019-03-02 22:29:29,113 - BrowserEngine- INFO - 关闭浏览器
2019-03-02 22:29:29,114 - BrowserEngine- INFO - 你选择的是 Chrome 浏览器.
2019-03-02 22:29:29,114 - BrowserEngine- INFO - 这个服务器的地址是:http://127.0.0.1/forum.php
2019-03-02 22:29:31,937 - BrowserEngine- INFO - 开始谷歌浏览器
2019-03-02 22:29:34,505 - BrowserEngine- INFO - 打开网址:http://127.0.0.1/forum.php
2019-03-02 22:29:35,703 - BrowserEngine- INFO - 窗口最大化
2019-03-02 22:29:35,711 - BrowserEngine- INFO - 隐形等待时间为10秒钟
2019-03-02 22:29:35,975 - BasePage- INFO - 输入内容admin
2019-03-02 22:29:36,205 - BasePage- INFO - 输入内容13333486358LY
2019-03-02 22:29:36,349 - BasePage- INFO - click
2019-03-02 22:29:40,015 - BasePage- INFO - click
2019-03-02 22:29:40,320 - BasePage- INFO - click
2019-03-02 22:29:41,087 - BasePage- INFO - click
2019-03-02 22:29:41,993 - BasePage- INFO - click
2019-03-02 22:29:42,293 - BasePage- INFO - click
2019-03-02 22:29:45,308 - BasePage- INFO - 激活第1个窗口
2019-03-02 22:29:46,684 - BasePage- INFO - 输入内容13333486358LY
2019-03-02 22:30:09,470 - BasePage- INFO - click
2019-03-02 22:30:10,190 - BasePage- INFO - click
2019-03-02 22:30:12,670 - BasePage- INFO - click
2019-03-02 22:30:15,303 - BasePage- INFO - click
2019-03-02 22:30:18,325 - BasePage- INFO - 激活第1个窗口
2019-03-02 22:30:19,640 - BasePage- INFO - click
2019-03-02 22:30:20,105 - BasePage- INFO - click
2019-03-02 22:30:22,816 - BasePage- INFO - 输入内容123123
2019-03-02 22:30:23,015 - BasePage- INFO - 输入内容123123
2019-03-02 22:30:28,311 - BasePage- INFO - click
2019-03-02 22:30:31,981 - BasePage- INFO - click
2019-03-02 22:30:32,229 - BasePage- INFO - 输入内容熬夜
2019-03-02 22:30:32,594 - BasePage- INFO - 输入内容熬夜对身体不好，不要熬夜
2019-03-02 22:30:34,719 - BasePage- INFO - click
2019-03-02 22:30:38,029 - BasePage- INFO - 输入内容好的
2019-03-02 22:30:38,200 - BasePage- INFO - click
2019-03-02 22:30:40,563 - BrowserEngine- INFO - 关闭浏览器
2019-03-02 22:30:40,565 - BrowserEngine- INFO - 你选择的是 Chrome 浏览器.
2019-03-02 22:30:40,565 - BrowserEngine- INFO - 这个服务器的地址是:http://127.0.0.1/forum.php
2019-03-02 22:30:43,620 - BrowserEngine- INFO - 开始谷歌浏览器
2019-03-02 22:30:45,725 - BrowserEngine- INFO - 打开网址:http://127.0.0.1/forum.php
2019-03-02 22:30:46,891 - BrowserEngine- INFO - 窗口最大化
2019-03-02 22:30:46,897 - BrowserEngine- INFO - 隐形等待时间为10秒钟
2019-03-02 22:30:47,418 - BasePage- INFO - 输入内容admin
2019-03-02 22:30:47,926 - BasePage- INFO - 输入内容13333486358LY
2019-03-02 22:30:48,213 - BasePage- INFO - click
2019-03-02 22:30:51,452 - BasePage- INFO - 输入内容la
2019-03-02 22:30:51,613 - BasePage- INFO - click
2019-03-02 22:30:51,630 - BasePage- INFO - 激活第1个窗口
2019-03-02 22:30:56,905 - BasePage- INFO - click
2019-03-02 22:31:02,662 - BasePage- INFO - click
2019-03-02 22:31:09,091 - BrowserEngine- INFO - 关闭浏览器
2019-03-02 22:31:09,097 - BrowserEngine- INFO - 你选择的是 Chrome 浏览器.
2019-03-02 22:31:09,098 - BrowserEngine- INFO - 这个服务器的地址是:http://127.0.0.1/forum.php
2019-03-02 22:31:11,989 - BrowserEngine- INFO - 开始谷歌浏览器
2019-03-02 22:31:14,000 - BrowserEngine- INFO - 打开网址:http://127.0.0.1/forum.php
2019-03-02 22:31:15,159 - BrowserEngine- INFO - 窗口最大化
2019-03-02 22:31:15,161 - BrowserEngine- INFO - 隐形等待时间为10秒钟
2019-03-02 22:31:15,348 - BasePage- INFO - 输入内容admin
2019-03-02 22:31:15,571 - BasePage- INFO - 输入内容13333486358LY
2019-03-02 22:31:15,688 - BasePage- INFO - click
2019-03-02 22:31:19,384 - BasePage- INFO - click
2019-03-02 22:31:20,260 - BasePage- INFO - click
2019-03-02 22:31:21,114 - BasePage- INFO - click
2019-03-02 22:31:21,452 - BasePage- INFO - 输入内容Do you like apple
2019-03-02 22:31:21,682 - BasePage- INFO - 输入内容Yes
2019-03-02 22:31:21,854 - BasePage- INFO - 输入内容No
2019-03-02 22:31:22,033 - BasePage- INFO - click
2019-03-02 22:31:32,351 - BasePage- INFO - click
2019-03-02 22:31:33,778 - BasePage- INFO - click
2019-03-02 22:31:36,827 - BrowserEngine- INFO - 关闭浏览器
