2019-03-03 13:42:08,329 - BrowserEngine- INFO - 你选择的是 Chrome 浏览器.
2019-03-03 13:42:08,340 - BrowserEngine- INFO - 这个服务器的地址是:http://127.0.0.1/forum.php
2019-03-03 13:42:11,532 - BrowserEngine- INFO - 开始谷歌浏览器
2019-03-03 13:42:13,850 - BrowserEngine- INFO - 打开网址:http://127.0.0.1/forum.php
2019-03-03 13:42:15,028 - BrowserEngine- INFO - 窗口最大化
2019-03-03 13:42:15,037 - BrowserEngine- INFO - 隐形等待时间为10秒钟
2019-03-03 13:42:15,348 - BasePage- INFO - 输入内容admin
2019-03-03 13:42:15,673 - BasePage- INFO - 输入内容13333486358LY
2019-03-03 13:42:15,851 - BasePage- INFO - click
2019-03-03 13:42:19,817 - BasePage- INFO - click
2019-03-03 13:42:20,167 - BasePage- INFO - click
2019-03-03 13:42:20,924 - BasePage- INFO - click
2019-03-03 13:42:21,935 - BasePage- INFO - click
2019-03-03 13:42:22,242 - BasePage- INFO - click
2019-03-03 13:42:25,250 - BasePage- INFO - 激活第1个窗口
2019-03-03 13:42:26,591 - BasePage- INFO - 输入内容13333486358LY
2019-03-03 13:42:49,466 - BasePage- INFO - click
2019-03-03 13:42:50,394 - BasePage- INFO - click
2019-03-03 13:42:52,909 - BasePage- INFO - click
2019-03-03 13:42:55,875 - BasePage- INFO - click
2019-03-03 13:42:58,906 - BasePage- INFO - 激活第1个窗口
2019-03-03 13:43:00,907 - BasePage- INFO - click
2019-03-03 13:43:01,358 - BasePage- INFO - click
2019-03-03 13:43:04,155 - BasePage- INFO - 输入内容123123
2019-03-03 13:43:04,434 - BasePage- INFO - 输入内容123123
2019-03-03 13:43:09,732 - BasePage- INFO - click
2019-03-03 13:43:13,454 - BasePage- INFO - click
2019-03-03 13:43:13,733 - BasePage- INFO - 输入内容熬夜
2019-03-03 13:43:14,053 - BasePage- INFO - 输入内容熬夜对身体不好，不要熬夜
2019-03-03 13:43:15,939 - BasePage- INFO - click
2019-03-03 13:43:19,340 - BasePage- INFO - 输入内容好的
2019-03-03 13:43:19,505 - BasePage- INFO - click
2019-03-03 13:43:21,930 - BrowserEngine- INFO - 关闭浏览器
