2019-03-03 15:17:13,239 - BrowserEngine- INFO - 你选择的是 Chrome 浏览器.
2019-03-03 15:17:13,239 - BrowserEngine- INFO - 这个服务器的地址是:http://127.0.0.1/forum.php
2019-03-03 15:17:16,212 - BrowserEngine- INFO - 开始谷歌浏览器
2019-03-03 15:17:18,733 - BrowserEngine- INFO - 打开网址:http://127.0.0.1/forum.php
2019-03-03 15:17:19,877 - BrowserEngine- INFO - 窗口最大化
2019-03-03 15:17:19,877 - BrowserEngine- INFO - 隐形等待时间为10秒钟
2019-03-03 15:17:20,069 - BasePage- INFO - 输入内容admin
2019-03-03 15:17:20,245 - BasePage- INFO - 输入内容13333486358LY
2019-03-03 15:17:20,339 - BasePage- INFO - click
2019-03-03 15:17:23,491 - BasePage- INFO - 输入内容la
2019-03-03 15:17:23,630 - BasePage- INFO - click
2019-03-03 15:17:23,644 - BasePage- INFO - 激活第1个窗口
2019-03-03 15:17:28,816 - BasePage- INFO - click
2019-03-03 15:17:28,817 - BasePage- ERROR - Failed to clear is input box with 'NoneType' object has no attribute 'text'
2019-03-03 15:17:31,103 - BrowserEngine- INFO - 关闭浏览器
2019-03-03 15:17:48,125 - BrowserEngine- INFO - 你选择的是 Chrome 浏览器.
2019-03-03 15:17:48,125 - BrowserEngine- INFO - 这个服务器的地址是:http://127.0.0.1/forum.php
2019-03-03 15:17:51,036 - BrowserEngine- INFO - 开始谷歌浏览器
2019-03-03 15:17:53,776 - BrowserEngine- INFO - 打开网址:http://127.0.0.1/forum.php
2019-03-03 15:17:54,916 - BrowserEngine- INFO - 窗口最大化
2019-03-03 15:17:54,916 - BrowserEngine- INFO - 隐形等待时间为10秒钟
2019-03-03 15:17:55,097 - BasePage- INFO - 输入内容admin
2019-03-03 15:17:55,275 - BasePage- INFO - 输入内容13333486358LY
2019-03-03 15:17:55,380 - BasePage- INFO - click
2019-03-03 15:17:58,547 - BasePage- INFO - 输入内容la
2019-03-03 15:17:58,687 - BasePage- INFO - click
2019-03-03 15:17:58,698 - BasePage- INFO - 激活第1个窗口
2019-03-03 15:18:03,877 - BasePage- INFO - click
2019-03-03 15:18:03,878 - BasePage- ERROR - Failed to clear is input box with 'NoneType' object has no attribute 'text'
2019-03-03 15:18:06,174 - BrowserEngine- INFO - 关闭浏览器
