2019-03-02 22:23:36,474 - BrowserEngine- INFO - 你选择的是 Chrome 浏览器.
2019-03-02 22:23:36,474 - BrowserEngine- INFO - 这个服务器的地址是:http://127.0.0.1/forum.php
2019-03-02 22:23:39,371 - BrowserEngine- INFO - 开始谷歌浏览器
2019-03-02 22:23:41,660 - BrowserEngine- INFO - 打开网址:http://127.0.0.1/forum.php
2019-03-02 22:23:42,800 - BrowserEngine- INFO - 窗口最大化
2019-03-02 22:23:42,803 - BrowserEngine- INFO - 隐形等待时间为10秒钟
2019-03-02 22:23:43,039 - BasePage- INFO - 输入内容admin
2019-03-02 22:23:43,295 - BasePage- INFO - 输入内容13333486358LY
2019-03-02 22:23:43,424 - BasePage- INFO - click
2019-03-02 22:23:47,125 - BasePage- INFO - click
2019-03-02 22:23:47,556 - BasePage- INFO - 输入内容天气
2019-03-02 22:23:47,858 - BasePage- INFO - 输入内容今天天气很好，适合出游
2019-03-02 22:23:52,494 - BasePage- INFO - click
2019-03-02 22:23:57,911 - BasePage- INFO - 输入内容玩的开心
2019-03-02 22:23:58,474 - BasePage- INFO - click
2019-03-02 22:24:02,243 - BasePage- INFO - click
2019-03-02 22:24:09,709 - BrowserEngine- INFO - 关闭浏览器
2019-03-02 22:24:09,711 - BrowserEngine- INFO - 你选择的是 Chrome 浏览器.
2019-03-02 22:24:09,711 - BrowserEngine- INFO - 这个服务器的地址是:http://127.0.0.1/forum.php
2019-03-02 22:24:13,251 - BrowserEngine- INFO - 开始谷歌浏览器
2019-03-02 22:24:15,301 - BrowserEngine- INFO - 打开网址:http://127.0.0.1/forum.php
2019-03-02 22:24:16,455 - BrowserEngine- INFO - 窗口最大化
2019-03-02 22:24:16,457 - BrowserEngine- INFO - 隐形等待时间为10秒钟
2019-03-02 22:24:16,679 - BasePage- INFO - 输入内容admin
2019-03-02 22:24:16,944 - BasePage- INFO - 输入内容13333486358LY
2019-03-02 22:24:17,065 - BasePage- INFO - click
2019-03-02 22:24:20,774 - BasePage- INFO - click
2019-03-02 22:24:21,038 - BasePage- INFO - click
2019-03-02 22:24:21,916 - BasePage- INFO - click
2019-03-02 22:24:23,113 - BasePage- INFO - click
2019-03-02 22:24:23,292 - BasePage- INFO - click
2019-03-02 22:24:26,321 - BasePage- INFO - 激活第1个窗口
2019-03-02 22:24:27,593 - BasePage- INFO - 输入内容13333486358LY
2019-03-02 22:24:53,873 - BasePage- INFO - click
2019-03-02 22:24:54,979 - BasePage- INFO - click
2019-03-02 22:24:57,403 - BasePage- INFO - click
2019-03-02 22:25:00,395 - BasePage- INFO - click
2019-03-02 22:25:03,418 - BasePage- INFO - 激活第1个窗口
2019-03-02 22:25:04,671 - BasePage- INFO - click
2019-03-02 22:25:05,130 - BasePage- INFO - click
2019-03-02 22:25:07,782 - BasePage- INFO - 输入内容123123
2019-03-02 22:25:07,995 - BasePage- INFO - 输入内容123123
2019-03-02 22:25:13,287 - BasePage- INFO - click
2019-03-02 22:25:17,269 - BasePage- INFO - click
2019-03-02 22:25:17,507 - BasePage- INFO - 输入内容熬夜
2019-03-02 22:25:18,017 - BasePage- INFO - 输入内容熬夜对身体不好，不要熬夜
2019-03-02 22:25:19,937 - BasePage- INFO - click
2019-03-02 22:25:23,247 - BasePage- INFO - 输入内容好的
2019-03-02 22:25:23,421 - BasePage- INFO - click
2019-03-02 22:25:25,840 - BrowserEngine- INFO - 关闭浏览器
2019-03-02 22:25:25,841 - BrowserEngine- INFO - 你选择的是 Chrome 浏览器.
2019-03-02 22:25:25,841 - BrowserEngine- INFO - 这个服务器的地址是:http://127.0.0.1/forum.php
2019-03-02 22:25:28,763 - BrowserEngine- INFO - 开始谷歌浏览器
2019-03-02 22:25:31,111 - BrowserEngine- INFO - 打开网址:http://127.0.0.1/forum.php
2019-03-02 22:25:32,276 - BrowserEngine- INFO - 窗口最大化
2019-03-02 22:25:32,279 - BrowserEngine- INFO - 隐形等待时间为10秒钟
2019-03-02 22:25:32,509 - BasePage- INFO - 输入内容admin
2019-03-02 22:25:32,741 - BasePage- INFO - 输入内容13333486358LY
2019-03-02 22:25:32,868 - BasePage- INFO - click
2019-03-02 22:25:36,079 - BasePage- INFO - 输入内容la
2019-03-02 22:25:36,244 - BasePage- INFO - click
2019-03-02 22:25:36,259 - BasePage- INFO - 激活第1个窗口
2019-03-02 22:25:41,727 - BasePage- INFO - click
2019-03-02 22:25:47,556 - BasePage- INFO - click
2019-03-02 22:25:54,000 - BrowserEngine- INFO - 关闭浏览器
2019-03-02 22:25:54,001 - BrowserEngine- INFO - 你选择的是 Chrome 浏览器.
2019-03-02 22:25:54,001 - BrowserEngine- INFO - 这个服务器的地址是:http://127.0.0.1/forum.php
2019-03-02 22:25:56,915 - BrowserEngine- INFO - 开始谷歌浏览器
2019-03-02 22:26:00,066 - BrowserEngine- INFO - 打开网址:http://127.0.0.1/forum.php
2019-03-02 22:26:01,246 - BrowserEngine- INFO - 窗口最大化
2019-03-02 22:26:01,252 - BrowserEngine- INFO - 隐形等待时间为10秒钟
2019-03-02 22:26:01,664 - BasePage- INFO - 输入内容admin
2019-03-02 22:26:01,924 - BasePage- INFO - 输入内容13333486358LY
2019-03-02 22:26:02,080 - BasePage- INFO - click
2019-03-02 22:26:05,786 - BasePage- INFO - click
2019-03-02 22:26:06,901 - BasePage- INFO - click
2019-03-02 22:26:07,844 - BasePage- INFO - click
2019-03-02 22:26:08,472 - BasePage- INFO - 输入内容Do you like apple
2019-03-02 22:26:08,690 - BasePage- INFO - 输入内容Yes
2019-03-02 22:26:08,854 - BasePage- INFO - 输入内容No
2019-03-02 22:26:09,063 - BasePage- INFO - click
2019-03-02 22:26:19,373 - BasePage- INFO - click
2019-03-02 22:26:21,470 - BasePage- INFO - click
2019-03-02 22:26:24,575 - BrowserEngine- INFO - 关闭浏览器
