2019-02-28 19:35:45,962 - BrowserEngine- INFO - 你选择的是 Chrome 浏览器.
2019-02-28 19:35:45,962 - BrowserEngine- INFO - 这个服务器的地址是:http://127.0.0.1/forum.php
2019-02-28 19:35:50,395 - BrowserEngine- INFO - 开始谷歌浏览器
2019-02-28 19:35:52,255 - BrowserEngine- INFO - 打开网址:http://127.0.0.1/forum.php
2019-02-28 19:35:53,393 - BrowserEngine- INFO - 窗口最大化
2019-02-28 19:35:53,393 - BrowserEngine- INFO - 隐形等待时间为10秒钟
2019-02-28 19:35:53,846 - BasePage- INFO - 输入内容admin
2019-02-28 19:35:54,021 - BasePage- INFO - 输入内容13333486358LY
2019-02-28 19:35:54,136 - BasePage- INFO - click
2019-02-28 19:35:57,723 - BasePage- INFO - click
2019-02-28 19:35:58,606 - BasePage- INFO - click
2019-02-28 19:35:59,325 - BasePage- INFO - click
2019-02-28 19:35:59,662 - BasePage- INFO - 输入内容Do you like apple
2019-02-28 19:35:59,865 - BasePage- INFO - 输入内容Yes
2019-02-28 19:35:59,993 - BasePage- INFO - 输入内容No
2019-02-28 19:36:00,150 - BasePage- INFO - click
2019-02-28 19:38:34,844 - BasePage- INFO - click
2019-02-28 19:38:35,845 - BasePage- INFO - click
2019-02-28 19:38:35,920 - BasePage- ERROR - Failed to clear is input box with 'WebElement' object has no attribute 'gettext'
2019-02-28 19:38:36,004 - BasePage- ERROR - Failed to clear is input box with 'WebElement' object has no attribute 'gettext'
2019-02-28 19:38:36,049 - BasePage- ERROR - Failed to clear is input box with 'WebElement' object has no attribute 'gettext'
2019-02-28 19:38:36,112 - BasePage- ERROR - Failed to clear is input box with 'WebElement' object has no attribute 'gettext'
2019-02-28 19:38:36,166 - BasePage- ERROR - Failed to clear is input box with 'WebElement' object has no attribute 'gettext'
2019-02-28 19:38:48,395 - BrowserEngine- INFO - 关闭浏览器
