2019-02-28 20:08:24,117 - BrowserEngine- INFO - 你选择的是 Chrome 浏览器.
2019-02-28 20:08:24,117 - BrowserEngine- INFO - 这个服务器的地址是:http://127.0.0.1/forum.php
2019-02-28 20:08:27,330 - BrowserEngine- INFO - 开始谷歌浏览器
2019-02-28 20:08:29,542 - BrowserEngine- INFO - 打开网址:http://127.0.0.1/forum.php
2019-02-28 20:08:30,694 - BrowserEngine- INFO - 窗口最大化
2019-02-28 20:08:30,694 - BrowserEngine- INFO - 隐形等待时间为10秒钟
2019-02-28 20:08:31,077 - BasePage- INFO - 输入内容admin
2019-02-28 20:08:31,242 - BasePage- INFO - 输入内容13333486358LY
2019-02-28 20:08:31,340 - BasePage- INFO - click
2019-02-28 20:08:34,965 - BasePage- INFO - click
2019-02-28 20:08:35,103 - BasePage- INFO - click
2019-02-28 20:08:35,978 - BasePage- INFO - click
2019-02-28 20:08:37,170 - BasePage- INFO - click
2019-02-28 20:08:37,366 - BasePage- INFO - click
2019-02-28 20:08:40,368 - BasePage- INFO - 激活第1个窗口
2019-02-28 20:08:41,599 - BasePage- INFO - 输入内容13333486358LY
2019-02-28 20:09:06,077 - BasePage- INFO - click
2019-02-28 20:09:06,439 - BasePage- INFO - click
2019-02-28 20:09:08,647 - BasePage- INFO - click
2019-02-28 20:09:11,096 - BasePage- INFO - click
2019-02-28 20:09:14,102 - BasePage- INFO - 激活第1个窗口
2019-02-28 20:09:14,892 - BasePage- INFO - click
2019-02-28 20:09:15,209 - BasePage- INFO - click
2019-02-28 20:09:17,595 - BasePage- INFO - 输入内容123123
2019-02-28 20:09:17,723 - BasePage- INFO - 输入内容123123
2019-02-28 20:09:22,822 - BasePage- INFO - click
2019-02-28 20:09:26,205 - BasePage- INFO - click
2019-02-28 20:09:26,441 - BasePage- INFO - 输入内容熬夜
2019-02-28 20:09:26,662 - BasePage- INFO - 输入内容熬夜对身体不好，不要熬夜
2019-02-28 20:09:26,789 - BasePage- INFO - click
2019-02-28 20:09:29,912 - BasePage- INFO - 输入内容好的
2019-02-28 20:09:29,982 - BasePage- INFO - click
2019-02-28 20:09:32,243 - BrowserEngine- INFO - 关闭浏览器
