2019-02-28 20:32:13,352 - BrowserEngine- INFO - 你选择的是 Chrome 浏览器.
2019-02-28 20:32:13,352 - BrowserEngine- INFO - 这个服务器的地址是:http://127.0.0.1/forum.php
2019-02-28 20:32:16,055 - BrowserEngine- INFO - 开始谷歌浏览器
2019-02-28 20:32:18,425 - BrowserEngine- INFO - 打开网址:http://127.0.0.1/forum.php
2019-02-28 20:32:19,562 - BrowserEngine- INFO - 窗口最大化
2019-02-28 20:32:19,562 - BrowserEngine- INFO - 隐形等待时间为10秒钟
2019-02-28 20:32:19,984 - BasePage- INFO - 输入内容admin
2019-02-28 20:32:20,144 - BasePage- INFO - 输入内容13333486358LY
2019-02-28 20:32:20,237 - BasePage- INFO - click
2019-02-28 20:32:23,907 - BasePage- INFO - click
2019-02-28 20:32:24,165 - BasePage- INFO - 输入内容天气
2019-02-28 20:32:24,406 - BasePage- INFO - 输入内容今天天气很好，适合出游
2019-02-28 20:32:29,010 - BasePage- INFO - click
2019-02-28 20:32:34,211 - BasePage- INFO - 输入内容玩的开心
2019-02-28 20:32:34,743 - BasePage- INFO - click
2019-02-28 20:32:38,048 - BasePage- INFO - click
2019-02-28 20:32:45,333 - BrowserEngine- INFO - 关闭浏览器
2019-02-28 20:32:45,333 - BrowserEngine- INFO - 你选择的是 Chrome 浏览器.
2019-02-28 20:32:45,333 - BrowserEngine- INFO - 这个服务器的地址是:http://127.0.0.1/forum.php
2019-02-28 20:32:47,877 - BrowserEngine- INFO - 开始谷歌浏览器
2019-02-28 20:32:50,193 - BrowserEngine- INFO - 打开网址:http://127.0.0.1/forum.php
2019-02-28 20:32:51,336 - BrowserEngine- INFO - 窗口最大化
2019-02-28 20:32:51,336 - BrowserEngine- INFO - 隐形等待时间为10秒钟
2019-02-28 20:32:51,771 - BasePage- INFO - 输入内容admin
2019-02-28 20:32:51,946 - BasePage- INFO - 输入内容13333486358LY
2019-02-28 20:32:52,061 - BasePage- INFO - click
2019-02-28 20:32:55,599 - BasePage- INFO - click
2019-02-28 20:32:55,758 - BasePage- INFO - click
2019-02-28 20:32:56,348 - BasePage- INFO - click
2019-02-28 20:32:57,008 - BasePage- INFO - click
2019-02-28 20:32:57,223 - BasePage- INFO - click
2019-02-28 20:33:00,227 - BasePage- INFO - 激活第1个窗口
2019-02-28 20:33:01,454 - BasePage- INFO - 输入内容13333486358LY
2019-02-28 20:33:24,136 - BasePage- INFO - click
2019-02-28 20:33:24,462 - BasePage- INFO - click
2019-02-28 20:33:26,665 - BasePage- INFO - click
2019-02-28 20:33:29,017 - BasePage- INFO - click
2019-02-28 20:33:32,024 - BasePage- INFO - 激活第1个窗口
2019-02-28 20:33:32,733 - BasePage- INFO - click
2019-02-28 20:33:33,098 - BasePage- INFO - click
2019-02-28 20:33:35,423 - BasePage- INFO - 输入内容123123
2019-02-28 20:33:35,553 - BasePage- INFO - 输入内容123123
2019-02-28 20:33:40,658 - BasePage- INFO - click
2019-02-28 20:33:44,040 - BasePage- INFO - click
2019-02-28 20:33:44,261 - BasePage- INFO - 输入内容熬夜
2019-02-28 20:33:44,528 - BasePage- INFO - 输入内容熬夜对身体不好，不要熬夜
2019-02-28 20:33:46,725 - BasePage- INFO - click
2019-02-28 20:33:49,894 - BasePage- INFO - 输入内容好的
2019-02-28 20:33:49,998 - BasePage- INFO - click
2019-02-28 20:33:52,269 - BrowserEngine- INFO - 关闭浏览器
2019-02-28 20:33:52,269 - BrowserEngine- INFO - 你选择的是 Chrome 浏览器.
2019-02-28 20:33:52,269 - BrowserEngine- INFO - 这个服务器的地址是:http://127.0.0.1/forum.php
2019-02-28 20:33:54,895 - BrowserEngine- INFO - 开始谷歌浏览器
2019-02-28 20:33:57,079 - BrowserEngine- INFO - 打开网址:http://127.0.0.1/forum.php
2019-02-28 20:33:58,222 - BrowserEngine- INFO - 窗口最大化
2019-02-28 20:33:58,222 - BrowserEngine- INFO - 隐形等待时间为10秒钟
2019-02-28 20:33:58,663 - BasePage- INFO - 输入内容admin
2019-02-28 20:33:58,859 - BasePage- INFO - 输入内容13333486358LY
2019-02-28 20:33:58,963 - BasePage- INFO - click
2019-02-28 20:34:02,138 - BasePage- INFO - 输入内容la
2019-02-28 20:34:02,263 - BasePage- INFO - click
2019-02-28 20:34:02,276 - BasePage- INFO - 激活第1个窗口
2019-02-28 20:34:07,448 - BasePage- INFO - click
2019-02-28 20:34:12,796 - BasePage- INFO - click
2019-02-28 20:34:19,039 - BrowserEngine- INFO - 关闭浏览器
2019-02-28 20:34:19,039 - BrowserEngine- INFO - 你选择的是 Chrome 浏览器.
2019-02-28 20:34:19,039 - BrowserEngine- INFO - 这个服务器的地址是:http://127.0.0.1/forum.php
2019-02-28 20:34:21,619 - BrowserEngine- INFO - 开始谷歌浏览器
2019-02-28 20:34:23,639 - BrowserEngine- INFO - 打开网址:http://127.0.0.1/forum.php
2019-02-28 20:34:24,774 - BrowserEngine- INFO - 窗口最大化
2019-02-28 20:34:24,774 - BrowserEngine- INFO - 隐形等待时间为10秒钟
2019-02-28 20:34:25,235 - BasePage- INFO - 输入内容admin
2019-02-28 20:34:25,419 - BasePage- INFO - 输入内容13333486358LY
2019-02-28 20:34:25,538 - BasePage- INFO - click
2019-02-28 20:34:29,208 - BasePage- INFO - click
2019-02-28 20:34:29,824 - BasePage- INFO - click
2019-02-28 20:34:30,595 - BasePage- INFO - click
2019-02-28 20:34:30,864 - BasePage- INFO - 输入内容Do you like apple
2019-02-28 20:34:31,078 - BasePage- INFO - 输入内容Yes
2019-02-28 20:34:31,212 - BasePage- INFO - 输入内容No
2019-02-28 20:34:31,375 - BasePage- INFO - click
2019-02-28 20:34:41,501 - BasePage- INFO - click
2019-02-28 20:34:42,483 - BasePage- INFO - click
2019-02-28 20:34:45,164 - BrowserEngine- INFO - 关闭浏览器
