2019-02-28 19:54:02,135 - BrowserEngine- INFO - 你选择的是 Chrome 浏览器.
2019-02-28 19:54:02,135 - BrowserEngine- INFO - 这个服务器的地址是:http://127.0.0.1/forum.php
2019-02-28 19:54:04,982 - BrowserEngine- INFO - 开始谷歌浏览器
2019-02-28 19:54:07,373 - BrowserEngine- INFO - 打开网址:http://127.0.0.1/forum.php
2019-02-28 19:54:08,511 - BrowserEngine- INFO - 窗口最大化
2019-02-28 19:54:08,511 - BrowserEngine- INFO - 隐形等待时间为10秒钟
2019-02-28 19:54:08,954 - BasePage- INFO - 输入内容admin
2019-02-28 19:54:09,135 - BasePage- INFO - 输入内容13333486358LY
2019-02-28 19:54:09,245 - BasePage- INFO - click
2019-02-28 19:54:12,950 - BasePage- INFO - click
2019-02-28 19:54:13,634 - BasePage- INFO - click
2019-02-28 19:54:14,223 - BasePage- INFO - click
2019-02-28 19:54:14,565 - BasePage- INFO - 输入内容Do you like apple
2019-02-28 19:54:14,748 - BasePage- INFO - 输入内容Yes
2019-02-28 19:54:14,877 - BasePage- INFO - 输入内容No
2019-02-28 19:54:15,030 - BasePage- INFO - click
2019-02-28 19:54:25,149 - BasePage- INFO - click
2019-02-28 19:54:26,213 - BasePage- INFO - click
2019-02-28 19:54:26,566 - VotePage- INFO - 投票的主题名称为：Do you like
2019-02-28 19:54:38,854 - BrowserEngine- INFO - 关闭浏览器
